<?xml version="1.0" encoding="UTF-8"?>
<testng-results skipped="0" failed="0" total="1" passed="1">
  <reporter-output>
  </reporter-output>
  <suite name="HrisTest" duration-ms="35190" started-at="2018-08-01T10:13:15Z" finished-at="2018-08-01T10:13:50Z">
    <groups>
    </groups>
    <test name="Command line test" duration-ms="35190" started-at="2018-08-01T10:13:15Z" finished-at="2018-08-01T10:13:50Z">
      <class name="HrisTest">
        <test-method status="PASS" signature="launchBrowser()[pri:0, instance:HrisTest@880ec60]" name="launchBrowser" is-config="true" duration-ms="15352" started-at="2018-08-01T15:43:15Z" finished-at="2018-08-01T15:43:30Z">
          <reporter-output>
          </reporter-output>
        </test-method> <!-- launchBrowser -->
        <test-method status="PASS" signature="login()[pri:0, instance:HrisTest@880ec60]" name="login" duration-ms="17048" started-at="2018-08-01T15:43:31Z" finished-at="2018-08-01T15:43:48Z">
          <reporter-output>
          </reporter-output>
        </test-method> <!-- login -->
        <test-method status="PASS" signature="closeBrowser()[pri:0, instance:HrisTest@880ec60]" name="closeBrowser" is-config="true" duration-ms="2782" started-at="2018-08-01T15:43:48Z" finished-at="2018-08-01T15:43:50Z">
          <reporter-output>
          </reporter-output>
        </test-method> <!-- closeBrowser -->
      </class> <!-- HrisTest -->
    </test> <!-- Command line test -->
  </suite> <!-- HrisTest -->
</testng-results>
